<?xml version="1.0" encoding="UTF-8"?>
<!-- Generated by org.testng.reporters.JUnitReportReporter -->
<testsuite hostname="DESKTOP-N4G0TDK" failures="0" tests="1" name="Scripts.TestCase1" time="15.119" errors="0" timestamp="2023-09-06T20:10:02 IST" skipped="0">
  <testcase classname="Scripts.TestCase1" name="tc1" time="15.119"/>
</testsuite> <!-- Scripts.TestCase1 -->
